Performing C SOURCE FILE Test CMAKE_HAVE_LIBC_PTHREAD failed with the following output:
Change Dir: /home/e.conway/HomeModules/colmap/CMakeFiles/CMakeTmp

Run Build Command(s):/usr/bin/gmake -f Makefile cmTC_f6489/fast && /usr/bin/gmake  -f CMakeFiles/cmTC_f6489.dir/build.make CMakeFiles/cmTC_f6489.dir/build
gmake[1]: Entering directory `/home/e.conway/HomeModules/colmap/CMakeFiles/CMakeTmp'
Building C object CMakeFiles/cmTC_f6489.dir/src.c.o
/shared/centos7/gcc/10.1.0/bin/gcc -DCMAKE_HAVE_LIBC_PTHREAD   -o CMakeFiles/cmTC_f6489.dir/src.c.o -c /home/e.conway/HomeModules/colmap/CMakeFiles/CMakeTmp/src.c
Linking C executable cmTC_f6489
/home/e.conway/.conda/envs/visatgpu/bin/cmake -E cmake_link_script CMakeFiles/cmTC_f6489.dir/link.txt --verbose=1
/shared/centos7/gcc/10.1.0/bin/gcc -rdynamic CMakeFiles/cmTC_f6489.dir/src.c.o -o cmTC_f6489 
CMakeFiles/cmTC_f6489.dir/src.c.o: In function `main':
src.c:(.text+0x2d): undefined reference to `pthread_create'
src.c:(.text+0x39): undefined reference to `pthread_detach'
src.c:(.text+0x45): undefined reference to `pthread_cancel'
src.c:(.text+0x56): undefined reference to `pthread_join'
src.c:(.text+0x6a): undefined reference to `pthread_atfork'
collect2: error: ld returned 1 exit status
gmake[1]: *** [cmTC_f6489] Error 1
gmake[1]: Leaving directory `/home/e.conway/HomeModules/colmap/CMakeFiles/CMakeTmp'
gmake: *** [cmTC_f6489/fast] Error 2


Source file was:
#include <pthread.h>

static void* test_func(void* data)
{
  return data;
}

int main(void)
{
  pthread_t thread;
  pthread_create(&thread, NULL, test_func, NULL);
  pthread_detach(thread);
  pthread_cancel(thread);
  pthread_join(thread, NULL);
  pthread_atfork(NULL, NULL, NULL);
  pthread_exit(NULL);

  return 0;
}

Determining if the function pthread_create exists in the pthreads failed with the following output:
Change Dir: /home/e.conway/HomeModules/colmap/CMakeFiles/CMakeTmp

Run Build Command(s):/usr/bin/gmake -f Makefile cmTC_1b4ab/fast && /usr/bin/gmake  -f CMakeFiles/cmTC_1b4ab.dir/build.make CMakeFiles/cmTC_1b4ab.dir/build
gmake[1]: Entering directory `/home/e.conway/HomeModules/colmap/CMakeFiles/CMakeTmp'
Building C object CMakeFiles/cmTC_1b4ab.dir/CheckFunctionExists.c.o
/shared/centos7/gcc/10.1.0/bin/gcc   -DCHECK_FUNCTION_EXISTS=pthread_create -o CMakeFiles/cmTC_1b4ab.dir/CheckFunctionExists.c.o -c /home/e.conway/.conda/envs/visatgpu/share/cmake-3.23/Modules/CheckFunctionExists.c
Linking C executable cmTC_1b4ab
/home/e.conway/.conda/envs/visatgpu/bin/cmake -E cmake_link_script CMakeFiles/cmTC_1b4ab.dir/link.txt --verbose=1
/shared/centos7/gcc/10.1.0/bin/gcc  -DCHECK_FUNCTION_EXISTS=pthread_create -rdynamic CMakeFiles/cmTC_1b4ab.dir/CheckFunctionExists.c.o -o cmTC_1b4ab  -lpthreads 
/usr/bin/ld: cannot find -lpthreads
collect2: error: ld returned 1 exit status
gmake[1]: *** [cmTC_1b4ab] Error 1
gmake[1]: Leaving directory `/home/e.conway/HomeModules/colmap/CMakeFiles/CMakeTmp'
gmake: *** [cmTC_1b4ab/fast] Error 2



Determining if the function sgemm_ exists failed with the following output:
Change Dir: /home/e.conway/HomeModules/colmap/CMakeFiles/CMakeTmp

Run Build Command(s):/usr/bin/gmake -f Makefile cmTC_60035/fast && /usr/bin/gmake  -f CMakeFiles/cmTC_60035.dir/build.make CMakeFiles/cmTC_60035.dir/build
gmake[1]: Entering directory `/home/e.conway/HomeModules/colmap/CMakeFiles/CMakeTmp'
Building C object CMakeFiles/cmTC_60035.dir/CheckFunctionExists.c.o
/shared/centos7/gcc/10.1.0/bin/gcc   -DCHECK_FUNCTION_EXISTS=sgemm_ -o CMakeFiles/cmTC_60035.dir/CheckFunctionExists.c.o -c /home/e.conway/.conda/envs/visatgpu/share/cmake-3.23/Modules/CheckFunctionExists.c
Linking C executable cmTC_60035
/home/e.conway/.conda/envs/visatgpu/bin/cmake -E cmake_link_script CMakeFiles/cmTC_60035.dir/link.txt --verbose=1
/shared/centos7/gcc/10.1.0/bin/gcc  -DCHECK_FUNCTION_EXISTS=sgemm_ -rdynamic CMakeFiles/cmTC_60035.dir/CheckFunctionExists.c.o -o cmTC_60035 
CMakeFiles/cmTC_60035.dir/CheckFunctionExists.c.o: In function `main':
CheckFunctionExists.c:(.text+0x10): undefined reference to `sgemm_'
collect2: error: ld returned 1 exit status
gmake[1]: *** [cmTC_60035] Error 1
gmake[1]: Leaving directory `/home/e.conway/HomeModules/colmap/CMakeFiles/CMakeTmp'
gmake: *** [cmTC_60035/fast] Error 2



Performing C SOURCE FILE Test CMAKE_HAVE_LIBC_PTHREAD failed with the following output:
Change Dir: /home/e.conway/HomeModules/colmap/CMakeFiles/CMakeTmp

Run Build Command(s):/usr/bin/gmake -f Makefile cmTC_4b09e/fast && /usr/bin/gmake  -f CMakeFiles/cmTC_4b09e.dir/build.make CMakeFiles/cmTC_4b09e.dir/build
gmake[1]: Entering directory `/home/e.conway/HomeModules/colmap/CMakeFiles/CMakeTmp'
Building C object CMakeFiles/cmTC_4b09e.dir/src.c.o
/shared/centos7/gcc/10.1.0/bin/gcc -DCMAKE_HAVE_LIBC_PTHREAD   -o CMakeFiles/cmTC_4b09e.dir/src.c.o -c /home/e.conway/HomeModules/colmap/CMakeFiles/CMakeTmp/src.c
Linking C executable cmTC_4b09e
/home/e.conway/.conda/envs/visatgpu/bin/cmake -E cmake_link_script CMakeFiles/cmTC_4b09e.dir/link.txt --verbose=1
/shared/centos7/gcc/10.1.0/bin/gcc -rdynamic CMakeFiles/cmTC_4b09e.dir/src.c.o -o cmTC_4b09e 
CMakeFiles/cmTC_4b09e.dir/src.c.o: In function `main':
src.c:(.text+0x2d): undefined reference to `pthread_create'
src.c:(.text+0x39): undefined reference to `pthread_detach'
src.c:(.text+0x45): undefined reference to `pthread_cancel'
src.c:(.text+0x56): undefined reference to `pthread_join'
src.c:(.text+0x6a): undefined reference to `pthread_atfork'
collect2: error: ld returned 1 exit status
gmake[1]: *** [cmTC_4b09e] Error 1
gmake[1]: Leaving directory `/home/e.conway/HomeModules/colmap/CMakeFiles/CMakeTmp'
gmake: *** [cmTC_4b09e/fast] Error 2


Source file was:
#include <pthread.h>

static void* test_func(void* data)
{
  return data;
}

int main(void)
{
  pthread_t thread;
  pthread_create(&thread, NULL, test_func, NULL);
  pthread_detach(thread);
  pthread_cancel(thread);
  pthread_join(thread, NULL);
  pthread_atfork(NULL, NULL, NULL);
  pthread_exit(NULL);

  return 0;
}

Determining if the function pthread_create exists in the pthreads failed with the following output:
Change Dir: /home/e.conway/HomeModules/colmap/CMakeFiles/CMakeTmp

Run Build Command(s):/usr/bin/gmake -f Makefile cmTC_0640b/fast && /usr/bin/gmake  -f CMakeFiles/cmTC_0640b.dir/build.make CMakeFiles/cmTC_0640b.dir/build
gmake[1]: Entering directory `/home/e.conway/HomeModules/colmap/CMakeFiles/CMakeTmp'
Building C object CMakeFiles/cmTC_0640b.dir/CheckFunctionExists.c.o
/shared/centos7/gcc/10.1.0/bin/gcc   -DCHECK_FUNCTION_EXISTS=pthread_create -o CMakeFiles/cmTC_0640b.dir/CheckFunctionExists.c.o -c /home/e.conway/.conda/envs/visatgpu/share/cmake-3.23/Modules/CheckFunctionExists.c
Linking C executable cmTC_0640b
/home/e.conway/.conda/envs/visatgpu/bin/cmake -E cmake_link_script CMakeFiles/cmTC_0640b.dir/link.txt --verbose=1
/shared/centos7/gcc/10.1.0/bin/gcc  -DCHECK_FUNCTION_EXISTS=pthread_create -rdynamic CMakeFiles/cmTC_0640b.dir/CheckFunctionExists.c.o -o cmTC_0640b  -lpthreads 
/usr/bin/ld: cannot find -lpthreads
collect2: error: ld returned 1 exit status
gmake[1]: *** [cmTC_0640b] Error 1
gmake[1]: Leaving directory `/home/e.conway/HomeModules/colmap/CMakeFiles/CMakeTmp'
gmake: *** [cmTC_0640b/fast] Error 2



Determining if the function sgemm_ exists failed with the following output:
Change Dir: /home/e.conway/HomeModules/colmap/CMakeFiles/CMakeTmp

Run Build Command(s):/usr/bin/gmake -f Makefile cmTC_a7348/fast && /usr/bin/gmake  -f CMakeFiles/cmTC_a7348.dir/build.make CMakeFiles/cmTC_a7348.dir/build
gmake[1]: Entering directory `/home/e.conway/HomeModules/colmap/CMakeFiles/CMakeTmp'
Building C object CMakeFiles/cmTC_a7348.dir/CheckFunctionExists.c.o
/shared/centos7/gcc/10.1.0/bin/gcc   -DCHECK_FUNCTION_EXISTS=sgemm_ -o CMakeFiles/cmTC_a7348.dir/CheckFunctionExists.c.o -c /home/e.conway/.conda/envs/visatgpu/share/cmake-3.23/Modules/CheckFunctionExists.c
Linking C executable cmTC_a7348
/home/e.conway/.conda/envs/visatgpu/bin/cmake -E cmake_link_script CMakeFiles/cmTC_a7348.dir/link.txt --verbose=1
/shared/centos7/gcc/10.1.0/bin/gcc  -DCHECK_FUNCTION_EXISTS=sgemm_ -rdynamic CMakeFiles/cmTC_a7348.dir/CheckFunctionExists.c.o -o cmTC_a7348 
CMakeFiles/cmTC_a7348.dir/CheckFunctionExists.c.o: In function `main':
CheckFunctionExists.c:(.text+0x10): undefined reference to `sgemm_'
collect2: error: ld returned 1 exit status
gmake[1]: *** [cmTC_a7348] Error 1
gmake[1]: Leaving directory `/home/e.conway/HomeModules/colmap/CMakeFiles/CMakeTmp'
gmake: *** [cmTC_a7348/fast] Error 2



